2025-04-01 08:52:15,872 [INFO] Activator:176 - 


2025-04-01 08:52:15,879 [INFO] Activator:177 - !SESSION log4j initialized
2025-04-01 08:52:23,396 [INFO] LogOutputStream:77 - [STDOUT_REDIRECT] 
2025-04-01 08:52:35,618 [INFO] ApplicationProperties:184 - Using Application install path: D:\my_programm\STM\STM32CubeIDE_1.17.0\STM32CubeIDE\plugins\com.st.stm32cube.common.mx_6.14.0.202502271554
2025-04-01 08:52:35,634 [INFO] DbMcusXml:78 - Set database path to: D:\my_programm\STM\STM32CubeIDE_1.17.0\STM32CubeIDE\plugins\com.st.stm32cube.common.mx_6.14.0.202502271554\\db\/mcu/
2025-04-01 08:52:35,634 [INFO] ApiDb:274 - Set plugin database path to: D:\my_programm\STM\STM32CubeIDE_1.17.0\STM32CubeIDE\plugins\com.st.stm32cube.common.mx_6.14.0.202502271554\\db\/plugins/boardmanager/
2025-04-01 08:52:35,635 [WARN] ApiDb:259 - Overriding images path with different value:  => D:\my_programm\STM\STM32CubeIDE_1.17.0\STM32CubeIDE\plugins\com.st.stm32cube.common.mx_6.14.0.202502271554\\db\/plugins/mcufinder/images/
2025-04-01 08:52:35,642 [INFO] ApiDb:250 - Set database path to: C:\Users\a.sturis\.stmcufinder\plugins\mcufinder//mcu/
2025-04-01 08:52:35,643 [INFO] DbMcusAds:125 - Set database path to: C:\Users\a.sturis\.stmcufinder\plugins\mcufinder//mcu/
2025-04-01 08:52:35,647 [INFO] CrossReferenceDbSqlite:203 - Set database path to: C:\Users\a.sturis\.stmcufinder\plugins\mcufinder//mcu/cs/
2025-04-01 08:52:35,765 [INFO] RulesReader:64 - Compatibility file has been processed (301 Rules)
2025-04-01 08:52:35,846 [INFO] DbMcusXml:78 - Set database path to: D:\my_programm\STM\STM32CubeIDE_1.17.0\STM32CubeIDE\plugins\com.st.stm32cube.common.mx_6.14.0.202502271554\\db\/mcu/
2025-04-01 08:52:35,846 [INFO] ApiDb:274 - Set plugin database path to: D:\my_programm\STM\STM32CubeIDE_1.17.0\STM32CubeIDE\plugins\com.st.stm32cube.common.mx_6.14.0.202502271554\\db\/plugins/boardmanager/
2025-04-01 08:52:35,846 [INFO] ApiDb:261 - Set plugin images path to: D:\my_programm\STM\STM32CubeIDE_1.17.0\STM32CubeIDE\plugins\com.st.stm32cube.common.mx_6.14.0.202502271554\\db\/plugins/mcufinder/images/
2025-04-01 08:52:35,847 [WARN] DbFile:41 - Overriding database path with different value: C:\Users\a.sturis\.stmcufinder\plugins\mcufinder/ => C:\Users\a.sturis\.stmcufinder\plugins\mcufinder
2025-04-01 08:52:35,847 [INFO] ApiDb:250 - Set database path to: C:\Users\a.sturis\.stmcufinder\plugins\mcufinder//mcu/
2025-04-01 08:52:35,847 [WARN] DbFile:41 - Overriding database path with different value: C:\Users\a.sturis\.stmcufinder\plugins\mcufinder/ => C:\Users\a.sturis\.stmcufinder\plugins\mcufinder
2025-04-01 08:52:35,847 [INFO] DbMcusAds:125 - Set database path to: C:\Users\a.sturis\.stmcufinder\plugins\mcufinder//mcu/
2025-04-01 08:52:35,847 [WARN] DbFile:41 - Overriding database path with different value: C:\Users\a.sturis\.stmcufinder\plugins\mcufinder/ => C:\Users\a.sturis\.stmcufinder\plugins\mcufinder
2025-04-01 08:52:35,847 [WARN] DbFile:41 - Overriding database path with different value: C:\Users\a.sturis\.stmcufinder\plugins\mcufinder/ => C:\Users\a.sturis\.stmcufinder\plugins\mcufinder
2025-04-01 08:52:35,847 [INFO] CrossReferenceDbSqlite:203 - Set database path to: C:\Users\a.sturis\.stmcufinder\plugins\mcufinder//mcu/cs/
2025-04-01 08:52:35,923 [INFO] MainPanel:272 - HeapMemory: 268435456
2025-04-01 08:52:36,005 [INFO] DbMcusXml:78 - Set database path to: D:\my_programm\STM\STM32CubeIDE_1.17.0\STM32CubeIDE\plugins\com.st.stm32cube.common.mx_6.14.0.202502271554\\db\/mcu/
2025-04-01 08:52:36,005 [INFO] ApiDb:274 - Set plugin database path to: D:\my_programm\STM\STM32CubeIDE_1.17.0\STM32CubeIDE\plugins\com.st.stm32cube.common.mx_6.14.0.202502271554\\db\/plugins/boardmanager/
2025-04-01 08:52:36,005 [INFO] ApiDb:261 - Set plugin images path to: D:\my_programm\STM\STM32CubeIDE_1.17.0\STM32CubeIDE\plugins\com.st.stm32cube.common.mx_6.14.0.202502271554\\db\/plugins/mcufinder/images/
2025-04-01 08:52:36,006 [WARN] DbFile:41 - Overriding database path with different value: C:\Users\a.sturis\.stmcufinder\plugins\mcufinder/ => C:\Users\a.sturis\.stmcufinder\plugins\mcufinder
2025-04-01 08:52:36,006 [INFO] ApiDb:250 - Set database path to: C:\Users\a.sturis\.stmcufinder\plugins\mcufinder//mcu/
2025-04-01 08:52:36,006 [WARN] DbFile:41 - Overriding database path with different value: C:\Users\a.sturis\.stmcufinder\plugins\mcufinder/ => C:\Users\a.sturis\.stmcufinder\plugins\mcufinder
2025-04-01 08:52:36,006 [INFO] DbMcusAds:125 - Set database path to: C:\Users\a.sturis\.stmcufinder\plugins\mcufinder//mcu/
2025-04-01 08:52:36,006 [WARN] DbFile:41 - Overriding database path with different value: C:\Users\a.sturis\.stmcufinder\plugins\mcufinder/ => C:\Users\a.sturis\.stmcufinder\plugins\mcufinder
2025-04-01 08:52:36,006 [WARN] DbFile:41 - Overriding database path with different value: C:\Users\a.sturis\.stmcufinder\plugins\mcufinder/ => C:\Users\a.sturis\.stmcufinder\plugins\mcufinder
2025-04-01 08:52:36,007 [INFO] CrossReferenceDbSqlite:203 - Set database path to: C:\Users\a.sturis\.stmcufinder\plugins\mcufinder//mcu/cs/
2025-04-01 08:52:36,030 [INFO] ApplicationProperties:184 - Using Application install path: D:\my_programm\STM\STM32CubeIDE_1.17.0\STM32CubeIDE\plugins\com.st.stm32cube.common.mx_6.14.0.202502271554
2025-04-01 08:52:36,032 [INFO] PluginManage:196 - Search for loadable plugins [exclusion list=, ]
2025-04-01 08:52:36,033 [INFO] PluginManage:310 - Check plugin analytics
2025-04-01 08:52:45,269 [INFO] AnalyticsPlugin:253 - Accepted Software Licenses: 
2025-04-01 08:52:45,269 [INFO] AnalyticsPlugin:255 - Accepted CMSIS Pack Licenses: 
2025-04-01 08:52:45,269 [INFO] AnalyticsPlugin:257 - Accepted Firmware Licenses: FW.F7.1.17.0
2025-04-01 08:52:45,272 [INFO] PluginManage:359 - Loaded plugin analytics (category:tool,tabindex:-1)
2025-04-01 08:52:45,273 [INFO] PluginManage:310 - Check plugin cadmodel
2025-04-01 08:52:45,279 [INFO] CADModel:105 - Init CAD model plugin
2025-04-01 08:52:45,280 [INFO] PluginManage:359 - Loaded plugin cadmodel (category:power,tabindex:5)
2025-04-01 08:52:45,280 [INFO] PluginManage:310 - Check plugin clock
2025-04-01 08:52:45,289 [INFO] PluginManage:359 - Loaded plugin clock (category:base,tabindex:2)
2025-04-01 08:52:45,289 [INFO] PluginManage:310 - Check plugin ddr
2025-04-01 08:52:45,291 [INFO] PluginManage:359 - Loaded plugin ddr (category:tool,tabindex:6)
2025-04-01 08:52:45,292 [INFO] PluginManage:310 - Check plugin filemanager
2025-04-01 08:52:45,430 [INFO] PluginManage:359 - Loaded plugin filemanager (category:base,tabindex:10)
2025-04-01 08:52:45,431 [INFO] PluginManage:310 - Check plugin ipmanager
2025-04-01 08:52:45,439 [INFO] PluginManage:359 - Loaded plugin ipmanager (category:base,tabindex:5)
2025-04-01 08:52:45,439 [INFO] PluginManage:310 - Check plugin lpbam
2025-04-01 08:52:45,447 [INFO] PluginManage:359 - Loaded plugin lpbam (category:base,tabindex:0)
2025-04-01 08:52:45,447 [INFO] PluginManage:310 - Check plugin memorymap
2025-04-01 08:52:45,458 [INFO] PluginManage:359 - Loaded plugin memorymap (category:base,tabindex:4)
2025-04-01 08:52:45,458 [INFO] PluginManage:310 - Check plugin pinoutandconfiguration
2025-04-01 08:52:45,466 [INFO] PluginManage:359 - Loaded plugin pinoutandconfiguration (category:base,tabindex:1)
2025-04-01 08:52:45,466 [INFO] PluginManage:310 - Check plugin pinoutconfig
2025-04-01 08:52:45,558 [WARN] SupportedApi:132 - Cannot load RTOS API schema: s4s-elt-must-match.1: The content of 'definitions' must match (annotation?, (simpleType | complexType)?, (unique | key | keyref)*)). A problem was found starting at: attribute.
2025-04-01 08:52:45,701 [INFO] PluginManage:359 - Loaded plugin pinoutconfig (category:base,tabindex:0)
2025-04-01 08:52:45,701 [INFO] PluginManage:310 - Check plugin power
2025-04-01 08:52:45,710 [INFO] PluginManage:359 - Loaded plugin power (category:power,tabindex:4)
2025-04-01 08:52:45,710 [INFO] PluginManage:310 - Check plugin projectmanager
2025-04-01 08:52:45,727 [INFO] PluginManage:359 - Loaded plugin projectmanager (category:projectmanager,tabindex:4)
2025-04-01 08:52:45,727 [INFO] PluginManage:310 - Check plugin rif
2025-04-01 08:52:45,735 [INFO] PluginManage:359 - Loaded plugin rif (category:base,tabindex:3)
2025-04-01 08:52:45,735 [INFO] PluginManage:310 - Check plugin thirdparty
2025-04-01 08:52:45,880 [INFO] PluginManage:359 - Loaded plugin thirdparty (category:base,tabindex:-1)
2025-04-01 08:52:45,880 [INFO] PluginManage:310 - Check plugin tools
2025-04-01 08:52:45,880 [WARN] IntegrityCheckThread:84 - waiting for thirdparty lock release [integrity check]
2025-04-01 08:52:45,881 [INFO] IntegrityCheckThread:86 - entering critical section [integrity check]
2025-04-01 08:52:45,881 [INFO] ThirdPartyUpdaterWithRetryManager:70 - Updater plugin not ready yet. [1/15]
2025-04-01 08:52:45,884 [INFO] PluginManage:359 - Loaded plugin tools (category:base,tabindex:7)
2025-04-01 08:52:45,884 [INFO] PluginManage:310 - Check plugin tutovideos
2025-04-01 08:52:46,060 [INFO] PluginManage:359 - Loaded plugin tutovideos (category:base,tabindex:-1)
2025-04-01 08:52:46,060 [INFO] PluginManage:310 - Check plugin updater
2025-04-01 08:52:46,083 [INFO] PluginManage:359 - Loaded plugin updater (category:base,tabindex:12)
2025-04-01 08:52:46,083 [INFO] PluginManage:310 - Check plugin userauth
2025-04-01 08:52:46,088 [INFO] UserAuth:118 - Init User Auth plugin
2025-04-01 08:52:46,089 [INFO] PluginManage:359 - Loaded plugin userauth (category:base,tabindex:14)
2025-04-01 08:52:46,090 [INFO] PluginManage:283 - PluginManage : Loaded plugins [18]
2025-04-01 08:52:46,340 [INFO] PinOutPanel:1589 - setPackage(No Configuration,No Configuration)
2025-04-01 08:52:46,436 [INFO] CADModel:165 - CPN selected for project level
2025-04-01 08:52:46,436 [INFO] CADModel:114 - Register for checkConnection events
2025-04-01 08:52:46,455 [INFO] IPUIPlugin:80 - create IPUIPlugin
2025-04-01 08:52:46,455 [INFO] PluginManager:220 - loadIPPluginJar : add adc
2025-04-01 08:52:46,459 [INFO] IPUIPlugin:80 - create IPUIPlugin
2025-04-01 08:52:46,459 [INFO] PluginManager:220 - loadIPPluginJar : add aes
2025-04-01 08:52:46,462 [INFO] IPUIPlugin:80 - create IPUIPlugin
2025-04-01 08:52:46,462 [INFO] PluginManager:220 - loadIPPluginJar : add can
2025-04-01 08:52:46,465 [INFO] IPUIPlugin:80 - create IPUIPlugin
2025-04-01 08:52:46,465 [INFO] PluginManager:220 - loadIPPluginJar : add comp
2025-04-01 08:52:46,468 [INFO] IPUIPlugin:80 - create IPUIPlugin
2025-04-01 08:52:46,468 [INFO] PluginManager:220 - loadIPPluginJar : add cryp
2025-04-01 08:52:46,472 [INFO] IPUIPlugin:80 - create IPUIPlugin
2025-04-01 08:52:46,472 [INFO] PluginManager:220 - loadIPPluginJar : add ddr_ctrl_phy
2025-04-01 08:52:46,475 [INFO] IPUIPlugin:80 - create IPUIPlugin
2025-04-01 08:52:46,475 [INFO] PluginManager:220 - loadIPPluginJar : add dfsdm
2025-04-01 08:52:46,482 [INFO] IPUIPlugin:80 - create IPUIPlugin
2025-04-01 08:52:46,482 [INFO] PluginManager:220 - loadIPPluginJar : add dma
2025-04-01 08:52:46,486 [INFO] IPUIPlugin:80 - create IPUIPlugin
2025-04-01 08:52:46,486 [INFO] PluginManager:220 - loadIPPluginJar : add dma3
2025-04-01 08:52:46,490 [INFO] IPUIPlugin:80 - create IPUIPlugin
2025-04-01 08:52:46,490 [INFO] PluginManager:220 - loadIPPluginJar : add extmemmanager
2025-04-01 08:52:46,492 [INFO] IPUIPlugin:80 - create IPUIPlugin
2025-04-01 08:52:46,492 [INFO] PluginManager:220 - loadIPPluginJar : add fatfs
2025-04-01 08:52:46,499 [INFO] IPUIPlugin:80 - create IPUIPlugin
2025-04-01 08:52:46,500 [INFO] PluginManager:220 - loadIPPluginJar : add fmc
2025-04-01 08:52:46,506 [INFO] IPUIPlugin:80 - create IPUIPlugin
2025-04-01 08:52:46,506 [INFO] PluginManager:220 - loadIPPluginJar : add freertos
2025-04-01 08:52:46,509 [INFO] IPUIPlugin:80 - create IPUIPlugin
2025-04-01 08:52:46,509 [INFO] PluginManager:220 - loadIPPluginJar : add genericplugin
2025-04-01 08:52:46,512 [INFO] IPUIPlugin:80 - create IPUIPlugin
2025-04-01 08:52:46,512 [INFO] PluginManager:220 - loadIPPluginJar : add gfxmmu
2025-04-01 08:52:46,518 [INFO] IPUIPlugin:80 - create IPUIPlugin
2025-04-01 08:52:46,518 [INFO] PluginManager:220 - loadIPPluginJar : add gic
2025-04-01 08:52:46,523 [INFO] IPUIPlugin:80 - create IPUIPlugin
2025-04-01 08:52:46,523 [INFO] PluginManager:220 - loadIPPluginJar : add gpio
2025-04-01 08:52:46,527 [INFO] IPUIPlugin:80 - create IPUIPlugin
2025-04-01 08:52:46,527 [INFO] PluginManager:220 - loadIPPluginJar : add gtzc
2025-04-01 08:52:46,531 [INFO] IPUIPlugin:80 - create IPUIPlugin
2025-04-01 08:52:46,531 [INFO] PluginManager:220 - loadIPPluginJar : add hash
2025-04-01 08:52:46,535 [INFO] IPUIPlugin:80 - create IPUIPlugin
2025-04-01 08:52:46,535 [INFO] PluginManager:220 - loadIPPluginJar : add i2c
2025-04-01 08:52:46,538 [INFO] IPUIPlugin:80 - create IPUIPlugin
2025-04-01 08:52:46,538 [INFO] PluginManager:220 - loadIPPluginJar : add i2s
2025-04-01 08:52:46,542 [INFO] IPUIPlugin:80 - create IPUIPlugin
2025-04-01 08:52:46,542 [INFO] PluginManager:220 - loadIPPluginJar : add i3c
2025-04-01 08:52:46,546 [INFO] IPUIPlugin:80 - create IPUIPlugin
2025-04-01 08:52:46,546 [INFO] PluginManager:220 - loadIPPluginJar : add ipddr
2025-04-01 08:52:46,554 [INFO] IPUIPlugin:80 - create IPUIPlugin
2025-04-01 08:52:46,554 [INFO] PluginManager:220 - loadIPPluginJar : add linkedlist
2025-04-01 08:52:46,558 [INFO] IPUIPlugin:80 - create IPUIPlugin
2025-04-01 08:52:46,558 [INFO] PluginManager:220 - loadIPPluginJar : add lorawan
2025-04-01 08:52:46,560 [INFO] IPUIPlugin:80 - create IPUIPlugin
2025-04-01 08:52:46,560 [INFO] PluginManager:220 - loadIPPluginJar : add ltdc
2025-04-01 08:52:46,566 [INFO] IPUIPlugin:80 - create IPUIPlugin
2025-04-01 08:52:46,567 [INFO] PluginManager:220 - loadIPPluginJar : add mdma
2025-04-01 08:52:46,570 [INFO] IPUIPlugin:80 - create IPUIPlugin
2025-04-01 08:52:46,570 [INFO] PluginManager:220 - loadIPPluginJar : add nvic
2025-04-01 08:52:46,574 [INFO] IPUIPlugin:80 - create IPUIPlugin
2025-04-01 08:52:46,575 [INFO] PluginManager:220 - loadIPPluginJar : add opamp
2025-04-01 08:52:46,578 [INFO] IPUIPlugin:80 - create IPUIPlugin
2025-04-01 08:52:46,578 [INFO] PluginManager:220 - loadIPPluginJar : add openamp
2025-04-01 08:52:46,582 [INFO] IPUIPlugin:80 - create IPUIPlugin
2025-04-01 08:52:46,582 [INFO] PluginManager:220 - loadIPPluginJar : add pdm2pcm
2025-04-01 08:52:46,588 [INFO] IPUIPlugin:80 - create IPUIPlugin
2025-04-01 08:52:46,590 [INFO] PluginManager:220 - loadIPPluginJar : add plateformsettings
2025-04-01 08:52:46,592 [INFO] IPUIPlugin:80 - create IPUIPlugin
2025-04-01 08:52:46,592 [INFO] PluginManager:220 - loadIPPluginJar : add quadspi
2025-04-01 08:52:46,595 [INFO] IPUIPlugin:80 - create IPUIPlugin
2025-04-01 08:52:46,596 [INFO] PluginManager:220 - loadIPPluginJar : add radio
2025-04-01 08:52:46,600 [INFO] IPUIPlugin:80 - create IPUIPlugin
2025-04-01 08:52:46,600 [INFO] PluginManager:220 - loadIPPluginJar : add resmgrutility
2025-04-01 08:52:46,604 [INFO] IPUIPlugin:80 - create IPUIPlugin
2025-04-01 08:52:46,604 [INFO] PluginManager:220 - loadIPPluginJar : add sai
2025-04-01 08:52:46,606 [INFO] IPUIPlugin:80 - create IPUIPlugin
2025-04-01 08:52:46,606 [INFO] PluginManager:220 - loadIPPluginJar : add spi
2025-04-01 08:52:46,613 [INFO] IPUIPlugin:80 - create IPUIPlugin
2025-04-01 08:52:46,613 [INFO] PluginManager:220 - loadIPPluginJar : add stm32_wpan
2025-04-01 08:52:46,615 [INFO] IPUIPlugin:80 - create IPUIPlugin
2025-04-01 08:52:46,615 [INFO] PluginManager:220 - loadIPPluginJar : add tim
2025-04-01 08:52:46,619 [INFO] IPUIPlugin:80 - create IPUIPlugin
2025-04-01 08:52:46,619 [INFO] PluginManager:220 - loadIPPluginJar : add touchsensing
2025-04-01 08:52:46,622 [INFO] IPUIPlugin:80 - create IPUIPlugin
2025-04-01 08:52:46,622 [INFO] PluginManager:220 - loadIPPluginJar : add tracer_emb
2025-04-01 08:52:46,624 [INFO] IPUIPlugin:80 - create IPUIPlugin
2025-04-01 08:52:46,625 [INFO] PluginManager:220 - loadIPPluginJar : add ts
2025-04-01 08:52:46,627 [INFO] IPUIPlugin:80 - create IPUIPlugin
2025-04-01 08:52:46,627 [INFO] PluginManager:220 - loadIPPluginJar : add tsc
2025-04-01 08:52:46,630 [INFO] IPUIPlugin:80 - create IPUIPlugin
2025-04-01 08:52:46,630 [INFO] PluginManager:220 - loadIPPluginJar : add ucpd
2025-04-01 08:52:46,634 [INFO] IPUIPlugin:80 - create IPUIPlugin
2025-04-01 08:52:46,634 [INFO] PluginManager:220 - loadIPPluginJar : add usart
2025-04-01 08:52:46,638 [INFO] IPUIPlugin:80 - create IPUIPlugin
2025-04-01 08:52:46,639 [INFO] PluginManager:220 - loadIPPluginJar : add usbx
2025-04-01 08:52:46,775 [FATAL] Updater:351 - Updater called before beeing initialized
2025-04-01 08:52:46,800 [INFO] RulesReader:64 - Compatibility file has been processed (301 Rules)
2025-04-01 08:52:46,812 [INFO] RulesReader:64 - Compatibility file has been processed (301 Rules)
2025-04-01 08:52:46,821 [INFO] CADModel:165 - CPN selected for project level
2025-04-01 08:52:46,821 [INFO] CADModel:114 - Register for checkConnection events
2025-04-01 08:52:46,821 [FATAL] Updater:351 - Updater called before beeing initialized
2025-04-01 08:52:46,821 [ERROR] CADModel:125 - Updater not yet initialized, retry later 
2025-04-01 08:52:46,959 [FATAL] Updater:351 - Updater called before beeing initialized
2025-04-01 08:52:46,961 [INFO] CADModel:165 - CPN selected for project level
2025-04-01 08:52:46,961 [INFO] CADModel:114 - Register for checkConnection events
2025-04-01 08:52:46,961 [FATAL] Updater:351 - Updater called before beeing initialized
2025-04-01 08:52:46,961 [ERROR] CADModel:125 - Updater not yet initialized, retry later 
2025-04-01 08:52:46,965 [FATAL] Updater:351 - Updater called before beeing initialized
2025-04-01 08:52:47,084 [FATAL] Updater:351 - Updater called before beeing initialized
2025-04-01 08:52:47,089 [INFO] DbMcusAds:53 - JSON generation date=Thu Mar 06 19:54:21 YEKT 2025 (1741272861825)
2025-04-01 08:52:47,089 [FATAL] Updater:351 - Updater called before beeing initialized
2025-04-01 08:52:47,125 [WARN] DetailPanel:346 - Failed to get advertising image, set to default
2025-04-01 08:52:47,405 [FATAL] Updater:351 - Updater called before beeing initialized
2025-04-01 08:52:47,407 [FATAL] Updater:351 - Updater called before beeing initialized
2025-04-01 08:52:47,407 [FATAL] Updater:351 - Updater called before beeing initialized
2025-04-01 08:52:47,407 [WARN] DetailPanel:346 - Failed to get advertising image, set to default
2025-04-01 08:52:47,408 [FATAL] Updater:351 - Updater called before beeing initialized
2025-04-01 08:52:47,465 [ERROR] Updater:1198 - MainUpdater not yet initialized. External WinMGr cannot be set.
2025-04-01 08:52:47,467 [INFO] Updater:1134 - Updater Version found : 6.14.0
2025-04-01 08:52:47,485 [INFO] ApplicationProperties:184 - Using Application install path: D:\my_programm\STM\STM32CubeIDE_1.17.0\STM32CubeIDE\plugins\com.st.stm32cube.common.mx_6.14.0.202502271554
2025-04-01 08:52:48,882 [INFO] ThirdPartyUpdaterWithRetryManager:70 - Updater plugin not ready yet. [2/15]
2025-04-01 08:52:49,058 [ERROR] LogOutputStream:75 - [STDERR_REDIRECT] Apr 01, 2025 8:52:49 AM java.util.prefs.WindowsPreferences <init>
2025-04-01 08:52:49,059 [ERROR] LogOutputStream:75 - [STDERR_REDIRECT] WARNING: Could not open/create prefs root node Software\JavaSoft\Prefs at root 0xffffffff80000002. Windows RegCreateKeyEx(...) returned error code 5.
2025-04-01 08:52:49,060 [ERROR] LogOutputStream:75 - [STDERR_REDIRECT] 
2025-04-01 08:52:49,410 [ERROR] CheckConnectionManager:249 - Problem, Http access forbiden
2025-04-01 08:52:49,414 [INFO] MainUpdater:2872 - connection check result : 22
2025-04-01 08:52:49,417 [INFO] MainUpdater:289 - Updater Check For Update Now.
2025-04-01 08:52:49,417 [INFO] MicroXplorer:498 - Change Database Version : DB.6.0.140
2025-04-01 08:52:49,424 [INFO] McuFinderGlobals:63 - Set McuFinder mode to 2 (CubeIDE integrated)
2025-04-01 08:52:49,425 [INFO] UserAuth:171 - activating auth plugin
2025-04-01 08:52:49,431 [INFO] UserAuth:486 - Internet connection configuration mode: 2
2025-04-01 08:52:49,451 [INFO] UserAuth:486 - Internet connection configuration mode: 2
2025-04-01 08:52:49,679 [INFO] CheckServerUpdateThread:120 - End of CheckServer Thread
2025-04-01 08:52:52,290 [WARN] PackLoader:240 - Cannot read IP mode file for STMicroelectronics.FP-SNS-MOTENVWB1.1.4.0
2025-04-01 08:52:52,304 [WARN] PackLoader:240 - Cannot read IP mode file for STMicroelectronics.FP-ATR-ASTRA1.2.0.2
2025-04-01 08:52:52,313 [WARN] PackLoader:240 - Cannot read IP mode file for STMicroelectronics.FP-ATR-ASTRA1.2.0.1
2025-04-01 08:52:52,327 [WARN] PackLoader:240 - Cannot read IP mode file for STMicroelectronics.X-CUBE-SMBUS.2.1.0
2025-04-01 08:52:52,341 [WARN] PackLoader:240 - Cannot read IP mode file for STMicroelectronics.X-CUBE-WB05N.1.1.0
2025-04-01 08:52:52,353 [WARN] PackLoader:240 - Cannot read IP mode file for STMicroelectronics.X-CUBE-TOUCHGFX.4.23.1
2025-04-01 08:52:52,362 [WARN] PackLoader:240 - Cannot read IP mode file for STMicroelectronics.X-CUBE-TOUCHGFX.4.23.0
2025-04-01 08:52:52,370 [WARN] PackLoader:240 - Cannot read IP mode file for STMicroelectronics.X-CUBE-TOUCHGFX.4.23.2
2025-04-01 08:52:52,410 [WARN] PackLoader:240 - Cannot read IP mode file for STMicroelectronics.X-CUBE-AZRTOS-F7.1.1.0
2025-04-01 08:52:52,422 [ERROR] RealEvaluatedCondition:428 - Found unsupported composite condition: GROUP='STM32_MetaDataManager' CLASS='Data Exchange'
2025-04-01 08:52:52,423 [ERROR] RealEvaluatedCondition:428 - Found unsupported composite condition: GROUP='STM32_MetaDataManager' CLASS='Data Exchange'
2025-04-01 08:52:52,424 [WARN] PackLoader:240 - Cannot read IP mode file for STMicroelectronics.FP-SNS-MOTENV1.4.3.0
2025-04-01 08:52:52,436 [WARN] PackLoader:240 - Cannot read IP mode file for STMicroelectronics.FP-SNS-MOTENV1.4.3.2
2025-04-01 08:52:52,447 [WARN] PackLoader:240 - Cannot read IP mode file for STMicroelectronics.FP-SNS-FLIGHT1.5.0.0
2025-04-01 08:52:52,456 [ERROR] RealEvaluatedCondition:428 - Found unsupported composite condition: CLASS='Data Exchange' GROUP='STM32_MetaDataManager'
2025-04-01 08:52:52,456 [ERROR] RealEvaluatedCondition:428 - Found unsupported composite condition: GROUP='STM32_MetaDataManager' CLASS='Data Exchange'
2025-04-01 08:52:52,457 [WARN] PackLoader:240 - Cannot read IP mode file for STMicroelectronics.FP-SNS-MOTENV1.4.3.1
2025-04-01 08:52:52,468 [WARN] PackLoader:240 - Cannot read IP mode file for STMicroelectronics.FP-SNS-FLIGHT1.5.0.1
2025-04-01 08:52:52,522 [WARN] PackLoader:240 - Cannot read IP mode file for STMicroelectronics.X-CUBE-MEMS1.11.0.0
2025-04-01 08:52:52,700 [WARN] PackLoader:240 - Cannot read IP mode file for STMicroelectronics.X-CUBE-BLE1.6.2.4
2025-04-01 08:52:52,713 [WARN] PackLoader:240 - Cannot read IP mode file for STMicroelectronics.FP-SNS-FLIGHT1.5.0.2
2025-04-01 08:52:52,729 [WARN] PackLoader:240 - Cannot read IP mode file for STMicroelectronics.X-CUBE-DISPLAY.3.0.0
2025-04-01 08:52:52,745 [WARN] PackLoader:240 - Cannot read IP mode file for STMicroelectronics.X-CUBE-BLE1.7.0.0
2025-04-01 08:52:52,758 [WARN] PackLoader:240 - Cannot read IP mode file for STMicroelectronics.X-CUBE-NFC10.1.0.0
2025-04-01 08:52:52,785 [WARN] PackLoader:240 - Cannot read IP mode file for STMicroelectronics.X-CUBE-BLEMGR.4.0.0
2025-04-01 08:52:52,821 [WARN] PackLoader:240 - Cannot read IP mode file for emotas.I-CUBE-CANOPEN.1.3.0
2025-04-01 08:52:52,886 [WARN] PackLoader:240 - Cannot read IP mode file for STMicroelectronics.X-CUBE-TOUCHGFX.4.22.0
2025-04-01 08:52:52,894 [WARN] PackLoader:240 - Cannot read IP mode file for STMicroelectronics.X-CUBE-TOUCHGFX.4.22.1
2025-04-01 08:52:52,910 [WARN] PackLoader:240 - Cannot read IP mode file for STMicroelectronics.X-CUBE-BLEMGR.3.1.0
2025-04-01 08:52:52,921 [WARN] PackLoader:240 - Cannot read IP mode file for STMicroelectronics.X-CUBE-AI.10.0.0
2025-04-01 08:52:52,932 [WARN] PackLoader:240 - Cannot read IP mode file for STMicroelectronics.FP-SNS-SMARTAG2.1.2.0
2025-04-01 08:52:52,941 [WARN] PackLoader:240 - Cannot read IP mode file for STMicroelectronics.FP-SNS-FLIGHT1.5.1.0
2025-04-01 08:52:53,001 [WARN] PackLoader:240 - Cannot read IP mode file for STMicroelectronics.X-CUBE-MEMS1.11.1.0
2025-04-01 08:52:53,111 [INFO] LogOutputStream:77 - [STDOUT_REDIRECT] 1 : Invalid condition id : UX_CORESTACK_Condition cause : null
2025-04-01 08:52:53,111 [INFO] LogOutputStream:77 - [STDOUT_REDIRECT] 1 : Invalid condition id : UX_CORESTACK_Condition cause : null
2025-04-01 08:52:53,113 [INFO] LogOutputStream:77 - [STDOUT_REDIRECT] 1 : Invalid condition id : UX_CORESTACK_Condition cause : null
2025-04-01 08:52:53,114 [INFO] LogOutputStream:77 - [STDOUT_REDIRECT] 1 : Invalid condition id : UX_CORESTACK_Condition cause : null
2025-04-01 08:52:53,115 [INFO] LogOutputStream:77 - [STDOUT_REDIRECT] 1 : Invalid condition id : UX_CORESTACK_Condition cause : null
2025-04-01 08:52:53,118 [WARN] PackLoader:240 - Cannot read IP mode file for STMicroelectronics.X-CUBE-AZRTOS-WL.2.0.0
2025-04-01 08:52:53,128 [WARN] PackLoader:240 - Cannot read IP mode file for STMicroelectronics.FP-SNS-MOTENV1.5.0.0
2025-04-01 08:52:53,138 [WARN] PackLoader:240 - Cannot read IP mode file for wolfSSL.I-CUBE-wolfMQTT.1.19.0
2025-04-01 08:52:53,151 [WARN] PackLoader:240 - Cannot read IP mode file for WES.I-CUBE-Cesium.1.3.0
2025-04-01 08:52:53,162 [WARN] PackLoader:240 - Cannot read IP mode file for STMicroelectronics.X-CUBE-BLE2.3.3.0
2025-04-01 08:52:53,174 [WARN] PackLoader:240 - Cannot read IP mode file for STMicroelectronics.X-CUBE-NFC9.1.0.0
2025-04-01 08:52:53,185 [WARN] PackLoader:240 - Cannot read IP mode file for STMicroelectronics.X-CUBE-BLE1.7.1.0
2025-04-01 08:52:53,196 [WARN] PackLoader:240 - Cannot read IP mode file for STMicroelectronics.X-CUBE-TCPP.4.1.0
2025-04-01 08:52:53,204 [WARN] PackLoader:240 - Cannot read IP mode file for STMicroelectronics.X-CUBE-TOUCHGFX.4.21.3
2025-04-01 08:52:53,212 [WARN] PackLoader:240 - Cannot read IP mode file for STMicroelectronics.X-CUBE-TOUCHGFX.4.21.4
2025-04-01 08:52:53,223 [WARN] PackLoader:240 - Cannot read IP mode file for STMicroelectronics.X-CUBE-ALGOBUILD.1.3.0
2025-04-01 08:52:53,248 [WARN] PackLoader:240 - Cannot read IP mode file for STMicroelectronics.X-CUBE-AZRTOS-G0.1.1.0
2025-04-01 08:52:53,263 [WARN] PackLoader:240 - Cannot read IP mode file for STMicroelectronics.X-CUBE-SAFEA1.1.2.2
2025-04-01 08:52:53,274 [WARN] PackLoader:240 - Cannot read IP mode file for STMicroelectronics.X-CUBE-NFC4.3.0.0
2025-04-01 08:52:53,289 [WARN] PackLoader:240 - Cannot read IP mode file for EmbeddedOffice.I-CUBE-FS-RTOS.1.0.1
2025-04-01 08:52:53,303 [WARN] PackLoader:240 - Cannot read IP mode file for STMicroelectronics.X-CUBE-BLEMGR.3.0.0
2025-04-01 08:52:53,315 [WARN] PackLoader:240 - Cannot read IP mode file for STMicroelectronics.X-CUBE-TCPP.4.2.0
2025-04-01 08:52:53,326 [WARN] PackLoader:240 - Cannot read IP mode file for RealThread.X-CUBE-RT-Thread_Nano.4.1.1
2025-04-01 08:52:53,335 [WARN] PackLoader:240 - Cannot read IP mode file for STMicroelectronics.FP-ATR-SIGFOX1.3.2.0
2025-04-01 08:52:53,344 [WARN] PackLoader:240 - Cannot read IP mode file for wolfSSL.I-CUBE-wolfSSL.5.7.2
2025-04-01 08:52:53,354 [WARN] ConditionMgr:438 - getConditionDescription Invalid condition id : Cortex-A Device cause : null
2025-04-01 08:52:53,366 [WARN] ConditionMgr:1044 - genDependencies : Invalid condition id : Cortex-A Device cause : null
2025-04-01 08:52:53,366 [WARN] ConditionMgr:1044 - genDependencies : Invalid condition id : Cortex-A Device cause : null
2025-04-01 08:52:53,366 [WARN] ConditionMgr:1044 - genDependencies : Invalid condition id : Cortex-A Device cause : null
2025-04-01 08:52:53,378 [WARN] PackLoader:240 - Cannot read IP mode file for STMicroelectronics.X-CUBE-EEPRMA1.5.1.0
2025-04-01 08:52:53,391 [WARN] PackLoader:240 - Cannot read IP mode file for ITTIA_DB.I-CUBE-ITTIADB.8.9.0
2025-04-01 08:52:53,435 [WARN] PackLoader:240 - Cannot read IP mode file for STMicroelectronics.X-CUBE-MEMS1.9.5.0
2025-04-01 08:52:53,540 [WARN] PackLoader:240 - Cannot read IP mode file for SEGGER.I-CUBE-embOS.1.3.1
2025-04-01 08:52:53,572 [WARN] PackLoader:240 - Cannot read IP mode file for STMicroelectronics.X-CUBE-ALGOBUILD.1.4.0
2025-04-01 08:52:53,581 [WARN] PackLoader:240 - Cannot read IP mode file for STMicroelectronics.X-CUBE-AI.9.1.0
2025-04-01 08:52:53,592 [WARN] PackLoader:240 - Cannot read IP mode file for STMicroelectronics.X-CUBE-GNSS1.6.0.0
2025-04-01 08:52:53,619 [WARN] PackLoader:240 - Cannot read IP mode file for STMicroelectronics.X-CUBE-AZRTOS-F4.1.1.0
2025-04-01 08:52:53,631 [WARN] PackLoader:240 - Cannot read IP mode file for STMicroelectronics.X-CUBE-ISPU.2.1.0
2025-04-01 08:52:53,641 [WARN] PackLoader:240 - Cannot read IP mode file for STMicroelectronics.X-CUBE-FREERTOS.1.2.0
2025-04-01 08:52:53,667 [WARN] PackLoader:240 - Cannot read IP mode file for STMicroelectronics.X-CUBE-AZRTOS-L5.2.0.0
2025-04-01 08:52:53,744 [WARN] PackLoader:240 - Cannot read IP mode file for STMicroelectronics.X-CUBE-MEMS1.9.6.0
2025-04-01 08:52:53,902 [WARN] PackLoader:240 - Cannot read IP mode file for STMicroelectronics.X-CUBE-EEPRMA1.4.2.0
2025-04-01 08:52:53,921 [WARN] PackLoader:240 - Cannot read IP mode file for STMicroelectronics.X-CUBE-NFC6.3.1.0
2025-04-01 08:52:53,936 [WARN] PackLoader:240 - Cannot read IP mode file for ITTIA_DB.I-CUBE-ITTIADB.8.8.0
2025-04-01 08:52:53,955 [WARN] PackLoader:240 - Cannot read IP mode file for emotas.I-CUBE-CANOPEN.1.1.3
2025-04-01 08:52:53,969 [WARN] PackLoader:240 - Cannot read IP mode file for STMicroelectronics.X-CUBE-BLEMGR.2.0.0
2025-04-01 08:52:53,981 [WARN] PackLoader:240 - Cannot read IP mode file for STMicroelectronics.X-CUBE-DPower.1.2.0
2025-04-01 08:52:53,990 [WARN] PackLoader:240 - Cannot read IP mode file for STMicroelectronics.X-CUBE-AI.9.0.0
2025-04-01 08:52:54,018 [WARN] ConditionMgr:438 - getConditionDescription Invalid condition id : UX DEVICE CLASS RTOS Condition cause : null
2025-04-01 08:52:54,018 [WARN] ConditionMgr:438 - getConditionDescription Invalid condition id : UX DEVICE CLASS RTOS Condition cause : null
2025-04-01 08:52:54,022 [WARN] PackLoader:240 - Cannot read IP mode file for STMicroelectronics.X-CUBE-AZRTOS-H7.3.1.0
2025-04-01 08:52:54,022 [WARN] ConditionMgr:1044 - genDependencies : Invalid condition id : UX DEVICE CLASS RTOS Condition cause : null
2025-04-01 08:52:54,023 [WARN] ConditionMgr:1044 - genDependencies : Invalid condition id : UX DEVICE CLASS RTOS Condition cause : null
2025-04-01 08:52:54,023 [WARN] ConditionMgr:1044 - genDependencies : Invalid condition id : UX DEVICE CLASS RTOS Condition cause : null
2025-04-01 08:52:54,024 [WARN] ConditionMgr:1044 - genDependencies : Invalid condition id : UX DEVICE CLASS RTOS Condition cause : null
2025-04-01 08:52:54,024 [WARN] ConditionMgr:1044 - genDependencies : Invalid condition id : UX DEVICE CLASS RTOS Condition cause : null
2025-04-01 08:52:54,033 [WARN] PackLoader:240 - Cannot read IP mode file for wolfSSL.I-CUBE-wolfSSL.5.5.4
2025-04-01 08:52:54,042 [WARN] PackLoader:240 - Cannot read IP mode file for STMicroelectronics.X-CUBE-FREERTOS.1.3.0
2025-04-01 08:52:54,052 [WARN] PackLoader:240 - Cannot read IP mode file for STMicroelectronics.X-CUBE-NFC7.1.0.1
2025-04-01 08:52:54,063 [WARN] PackLoader:240 - Cannot read IP mode file for STMicroelectronics.X-CUBE-NFC7.1.0.0
2025-04-01 08:52:54,073 [WARN] PackLoader:240 - Cannot read IP mode file for wolfSSL.I-CUBE-wolfTPM.3.2.0
2025-04-01 08:52:54,086 [WARN] PackLoader:240 - Cannot read IP mode file for STMicroelectronics.X-CUBE-NFC6.3.0.0
2025-04-01 08:52:54,099 [WARN] PackLoader:240 - Cannot read IP mode file for STMicroelectronics.X-CUBE-EEPRMA1.4.1.0
2025-04-01 08:52:54,107 [WARN] PackLoader:240 - Cannot read IP mode file for STMicroelectronics.X-CUBE-AI.8.1.0
2025-04-01 08:52:54,138 [WARN] ConditionMgr:438 - getConditionDescription Invalid condition id : LAN8742 Phy interface Condition cause : null
2025-04-01 08:52:54,138 [WARN] PackLoader:240 - Cannot read IP mode file for STMicroelectronics.X-CUBE-AZRTOS-L4.2.0.0
2025-04-01 08:52:54,139 [WARN] ConditionMgr:1044 - genDependencies : Invalid condition id : LAN8742 Phy interface Condition cause : null
2025-04-01 08:52:54,140 [WARN] ConditionMgr:1044 - genDependencies : Invalid condition id : LAN8742 Phy interface Condition cause : null
2025-04-01 08:52:54,140 [WARN] ConditionMgr:1044 - genDependencies : Invalid condition id : LAN8742 Phy interface Condition cause : null
2025-04-01 08:52:54,154 [WARN] PackLoader:240 - Cannot read IP mode file for STMicroelectronics.X-CUBE-SFXS2LP1.4.0.0
2025-04-01 08:52:54,196 [WARN] PackLoader:240 - Cannot read IP mode file for STMicroelectronics.X-CUBE-AZRTOS-H7.3.0.0
2025-04-01 08:52:54,206 [WARN] PackLoader:240 - Cannot read IP mode file for STMicroelectronics.X-CUBE-ISPU.1.1.0
2025-04-01 08:52:54,235 [WARN] PackLoader:240 - Cannot read IP mode file for STMicroelectronics.X-CUBE-AZRTOS-H7.3.3.0
2025-04-01 08:52:54,249 [WARN] PackLoader:240 - Cannot read IP mode file for RoweBots.I-CUBE-UNISONRTOS.5.5.0-4
2025-04-01 08:52:54,258 [WARN] PackLoader:240 - Cannot read IP mode file for STMicroelectronics.X-CUBE-AI.8.0.0
2025-04-01 08:52:54,274 [WARN] PackLoader:240 - Cannot read IP mode file for STMicroelectronics.X-CUBE-IPS.3.0.0
2025-04-01 08:52:54,299 [WARN] ConditionMgr:438 - getConditionDescription Invalid condition id : UX DEVICE CLASS RTOS Condition cause : null
2025-04-01 08:52:54,300 [WARN] ConditionMgr:438 - getConditionDescription Invalid condition id : UX DEVICE CLASS RTOS Condition cause : null
2025-04-01 08:52:54,301 [WARN] PackLoader:240 - Cannot read IP mode file for STMicroelectronics.X-CUBE-AZRTOS-WB.2.0.0
2025-04-01 08:52:54,302 [WARN] ConditionMgr:1044 - genDependencies : Invalid condition id : UX DEVICE CLASS RTOS Condition cause : null
2025-04-01 08:52:54,302 [WARN] ConditionMgr:1044 - genDependencies : Invalid condition id : UX DEVICE CLASS RTOS Condition cause : null
2025-04-01 08:52:54,303 [WARN] ConditionMgr:1044 - genDependencies : Invalid condition id : UX DEVICE CLASS RTOS Condition cause : null
2025-04-01 08:52:54,303 [WARN] ConditionMgr:1044 - genDependencies : Invalid condition id : UX DEVICE CLASS RTOS Condition cause : null
2025-04-01 08:52:54,303 [WARN] ConditionMgr:1044 - genDependencies : Invalid condition id : UX DEVICE CLASS RTOS Condition cause : null
2025-04-01 08:52:54,312 [WARN] PackLoader:240 - Cannot read IP mode file for STMicroelectronics.X-CUBE-FREERTOS.1.0.0
2025-04-01 08:52:54,320 [WARN] PackLoader:240 - Cannot read IP mode file for STMicroelectronics.X-CUBE-FREERTOS.1.0.1
2025-04-01 08:52:54,329 [WARN] PackLoader:240 - Cannot read IP mode file for STMicroelectronics.X-CUBE-GNSS1.7.0.0
2025-04-01 08:52:54,340 [WARN] PackLoader:240 - Cannot read IP mode file for STMicroelectronics.X-CUBE-GNSS1.7.0.1
2025-04-01 08:52:54,349 [WARN] PackLoader:240 - Cannot read IP mode file for STMicroelectronics.X-CUBE-TOUCHGFX.4.25.0
2025-04-01 08:52:54,361 [WARN] PackLoader:240 - Cannot read IP mode file for STMicroelectronics.FP-SNS-STBOX1.2.0.0
2025-04-01 08:52:54,385 [WARN] PackLoader:240 - Cannot read IP mode file for STMicroelectronics.X-CUBE-AZRTOS-L5.1.1.0
2025-04-01 08:52:54,396 [WARN] PackLoader:240 - Cannot read IP mode file for STMicroelectronics.X-CUBE-AI.8.0.1
2025-04-01 08:52:54,414 [WARN] PackLoader:240 - Cannot read IP mode file for STMicroelectronics.X-CUBE-SUBG2.5.0.0
2025-04-01 08:52:54,444 [WARN] PackLoader:240 - Cannot read IP mode file for STMicroelectronics.X-CUBE-AZRTOS-H7RS.1.1.0
2025-04-01 08:52:54,455 [WARN] PackLoader:240 - Cannot read IP mode file for Cesanta.I-CUBE-Mongoose.7.13.0
2025-04-01 08:52:54,470 [WARN] PackLoader:240 - Cannot read IP mode file for STMicroelectronics.X-CUBE-TOF1.3.3.1
2025-04-01 08:52:54,499 [WARN] PackLoader:240 - Cannot read IP mode file for STMicroelectronics.X-CUBE-AZRTOS-G4.2.0.0
2025-04-01 08:52:54,515 [WARN] PackLoader:240 - Cannot read IP mode file for STMicroelectronics.X-CUBE-TOF1.3.3.0
2025-04-01 08:52:54,527 [WARN] PackLoader:240 - Cannot read IP mode file for STMicroelectronics.FP-ATR-ASTRA1.1.1.1
2025-04-01 08:52:54,546 [WARN] PackLoader:240 - Cannot read IP mode file for Infineon.AIROC-Wi-Fi-Bluetooth-STM32.1.5.1
2025-04-01 08:52:54,560 [WARN] PackLoader:240 - Cannot read IP mode file for STMicroelectronics.FP-SNS-MOTENVWB1.1.3.0
2025-04-01 08:52:54,575 [WARN] PackLoader:240 - Cannot read IP mode file for STMicroelectronics.FP-SNS-MOTENVWB1.1.3.1
2025-04-01 08:52:54,597 [WARN] PackLoader:240 - Cannot read IP mode file for STMicroelectronics.X-CUBE-AZRTOS-G4.1.0.0
2025-04-01 08:52:54,623 [WARN] PackLoader:240 - Cannot read IP mode file for STMicroelectronics.X-CUBE-AZRTOS-L4.1.0.0
2025-04-01 08:52:54,633 [WARN] PackLoader:240 - Cannot read IP mode file for STMicroelectronics.X-CUBE-ISPU.2.0.0
2025-04-01 08:52:54,647 [WARN] PackLoader:240 - Cannot read IP mode file for STMicroelectronics.X-CUBE-IPS.3.1.0
2025-04-01 08:52:54,660 [WARN] PackLoader:240 - Cannot read IP mode file for STMicroelectronics.X-CUBE-ALS.1.0.2
2025-04-01 08:52:54,697 [WARN] PackLoader:240 - Cannot read IP mode file for STMicroelectronics.X-CUBE-MEMS1.10.0.0
2025-04-01 08:52:54,779 [WARN] PackLoader:240 - Cannot read IP mode file for STMicroelectronics.X-CUBE-FREERTOS.1.1.0
2025-04-01 08:52:54,786 [WARN] PackLoader:240 - Cannot read IP mode file for STMicroelectronics.X-CUBE-TOUCHGFX.4.24.0
2025-04-01 08:52:54,793 [WARN] PackLoader:240 - Cannot read IP mode file for STMicroelectronics.X-CUBE-TOUCHGFX.4.24.2
2025-04-01 08:52:54,812 [WARN] PackLoader:240 - Cannot read IP mode file for STMicroelectronics.X-CUBE-AZRTOS-WL.1.0.0
2025-04-01 08:52:54,820 [WARN] PackLoader:240 - Cannot read IP mode file for STMicroelectronics.X-CUBE-TOUCHGFX.4.24.1
2025-04-01 08:52:54,832 [WARN] PackLoader:240 - Cannot read IP mode file for portGmbH.I-Cube-SoM-uGOAL.1.1.0
2025-04-01 08:52:54,841 [WARN] PackLoader:240 - Cannot read IP mode file for STMicroelectronics.X-CUBE-ALS.1.0.1
2025-04-01 08:52:54,863 [WARN] PackLoader:240 - Cannot read IP mode file for STMicroelectronics.X-CUBE-AZRTOS-WB.1.1.0
2025-04-01 08:52:54,888 [WARN] PackLoader:240 - Cannot read IP mode file for STMicroelectronics.X-CUBE-AZRTOS-H7RS.1.0.0
2025-04-01 08:52:54,897 [WARN] PackLoader:240 - Cannot read IP mode file for STMicroelectronics.FP-ATR-ASTRA1.2.0.0
2025-04-01 08:52:54,912 [WARN] PackLoader:240 - Cannot read IP mode file for STMicroelectronics.X-CUBE-TOF1.3.4.2
2025-04-01 08:52:54,932 [WARN] PackLoader:240 - Cannot read IP mode file for STMicroelectronics.X-CUBE-TOF1.3.4.0
2025-04-01 08:52:54,953 [WARN] PackLoader:240 - Cannot read IP mode file for STMicroelectronics.X-CUBE-TOF1.3.4.1
2025-04-01 08:52:54,986 [WARN] PackLoader:240 - Cannot read IP mode file for STMicroelectronics.X-CUBE-AZRTOS-H7.3.2.0
2025-04-01 08:52:55,005 [WARN] PackLoader:240 - Cannot read IP mode file for Infineon.AIROC-Wi-Fi-Bluetooth-STM32.1.6.0
2025-04-01 08:52:55,015 [WARN] PackLoader:240 - Cannot read IP mode file for wolfSSL.I-CUBE-wolfSSH.1.4.17
2025-04-01 08:52:55,015 [INFO] ThirdParty:978 - Integrity check success = true
2025-04-01 08:52:55,015 [INFO] IntegrityCheckThread:100 - exiting critical section [integrity check]
2025-04-01 08:52:55,015 [INFO] IntegrityCheckThread:103 - End integrity checks thread
2025-04-01 12:12:33,009 [ERROR] LogOutputStream:75 - [STDERR_REDIRECT] 
